
**** Build of configuration Debug for project Wind Speed ****

"C:\\ti\\ccs1210\\ccs\\utils\\bin\\gmake" -k -j 12 all -O 
 
Building file: "../main.c"
Invoking: MSP430 Compiler
"C:/ti/ccs1210/ccs/tools/compiler/ti-cgt-msp430_21.6.0.LTS/bin/cl430" -vmspx --use_hw_mpy=none --include_path="C:/ti/ccs1210/ccs/ccs_base/msp430/include" --include_path="C:/Users/Temp/workspace_v12/Wind Speed" --include_path="C:/ti/ccs1210/ccs/tools/compiler/ti-cgt-msp430_21.6.0.LTS/include" --advice:power=all --advice:hw_config=all --define=__MSP430FR4133__ -g --printf_support=minimal --diag_warning=225 --diag_wrap=off --display_error_number --silicon_errata=CPU21 --silicon_errata=CPU22 --silicon_errata=CPU40 --preproc_with_compile --preproc_dependency="main.d_raw"  "../main.c"
 
>> Compilation failure
subdir_rules.mk:9: recipe for target 'main.obj' failed
"../main.c", line 16: error #20: identifier "TB0CTL" is undefined
"../main.c", line 16: error #20: identifier "TBSSEL__SMCLK" is undefined
"../main.c", line 17: error #20: identifier "TB0CCR0" is undefined
"../main.c", line 18: error #20: identifier "TB0CCR1" is undefined
"../main.c", line 19: error #20: identifier "TB0CCTL1" is undefined
"../main.c", line 27: error #20: identifier "TB0CCR1" is undefined
"../main.c", line 37: remark #1527-D: (ULP 2.1) Detected SW delay loop using __delay_cycles. Recommend using a timer module instead
"../main.c", line 39: remark #1527-D: (ULP 2.1) Detected SW delay loop using __delay_cycles. Recommend using a timer module instead
6 errors detected in the compilation of "../main.c".
gmake: *** [main.obj] Error 1
gmake: Target 'all' not remade because of errors.

**** Build Finished ****

**** Build of configuration Debug for project framctl_ex1_write ****

"C:\\ti\\ccs1210\\ccs\\utils\\bin\\gmake" -k -j 12 all -O 
 
Building file: "../main.c"
Invoking: MSP430 Compiler
"C:/ti/ccs1210/ccs/tools/compiler/ti-cgt-msp430_21.6.0.LTS/bin/cl430" -vmspx --use_hw_mpy=none --include_path="C:/ti/ccs1210/ccs/ccs_base/msp430/include" --include_path="C:/Users/Temp/workspace_v12/framctl_ex1_write" --include_path="C:/Users/Temp/workspace_v12/framctl_ex1_write/driverlib/MSP430FR2xx_4xx" --include_path="C:/ti/ccs1210/ccs/tools/compiler/ti-cgt-msp430_21.6.0.LTS/include" --advice:power="none" --advice:hw_config=all --define=__MSP430FR4133__ --define=DEPRECATED -g --printf_support=minimal --diag_warning=225 --diag_wrap=off --display_error_number --silicon_errata=CPU21 --silicon_errata=CPU22 --silicon_errata=CPU40 --preproc_with_compile --preproc_dependency="main.d_raw"  "../main.c"
 
>> Compilation failure
subdir_rules.mk:9: recipe for target 'main.obj' failed
"../main.c", line 16: error #20: identifier "TB0CTL" is undefined
"../main.c", line 16: error #20: identifier "TBSSEL__SMCLK" is undefined
"../main.c", line 17: error #20: identifier "TB0CCR0" is undefined
"../main.c", line 18: error #20: identifier "TB0CCR1" is undefined
"../main.c", line 19: error #20: identifier "TB0CCTL1" is undefined
"../main.c", line 27: error #20: identifier "TB0CCR1" is undefined
6 errors detected in the compilation of "../main.c".
gmake: *** [main.obj] Error 1
Building file: "../framctl_ex1_write.c"
Invoking: MSP430 Compiler
"C:/ti/ccs1210/ccs/tools/compiler/ti-cgt-msp430_21.6.0.LTS/bin/cl430" -vmspx --use_hw_mpy=none --include_path="C:/ti/ccs1210/ccs/ccs_base/msp430/include" --include_path="C:/Users/Temp/workspace_v12/framctl_ex1_write" --include_path="C:/Users/Temp/workspace_v12/framctl_ex1_write/driverlib/MSP430FR2xx_4xx" --include_path="C:/ti/ccs1210/ccs/tools/compiler/ti-cgt-msp430_21.6.0.LTS/include" --advice:power="none" --advice:hw_config=all --define=__MSP430FR4133__ --define=DEPRECATED -g --printf_support=minimal --diag_warning=225 --diag_wrap=off --display_error_number --silicon_errata=CPU21 --silicon_errata=CPU22 --silicon_errata=CPU40 --preproc_with_compile --preproc_dependency="framctl_ex1_write.d_raw"  "../framctl_ex1_write.c"
Finished building: "../framctl_ex1_write.c"
 
Building file: "../driverlib/MSP430FR2xx_4xx/crc.c"
Invoking: MSP430 Compiler
"C:/ti/ccs1210/ccs/tools/compiler/ti-cgt-msp430_21.6.0.LTS/bin/cl430" -vmspx --use_hw_mpy=none --include_path="C:/ti/ccs1210/ccs/ccs_base/msp430/include" --include_path="C:/Users/Temp/workspace_v12/framctl_ex1_write" --include_path="C:/Users/Temp/workspace_v12/framctl_ex1_write/driverlib/MSP430FR2xx_4xx" --include_path="C:/ti/ccs1210/ccs/tools/compiler/ti-cgt-msp430_21.6.0.LTS/include" --advice:power="none" --advice:hw_config=all --define=__MSP430FR4133__ --define=DEPRECATED -g --printf_support=minimal --diag_warning=225 --diag_wrap=off --display_error_number --silicon_errata=CPU21 --silicon_errata=CPU22 --silicon_errata=CPU40 --preproc_with_compile --preproc_dependency="driverlib/MSP430FR2xx_4xx/crc.d_raw" --obj_directory="driverlib/MSP430FR2xx_4xx"  "../driverlib/MSP430FR2xx_4xx/crc.c"
Finished building: "../driverlib/MSP430FR2xx_4xx/crc.c"
 
Building file: "../driverlib/MSP430FR2xx_4xx/adc.c"
Invoking: MSP430 Compiler
"C:/ti/ccs1210/ccs/tools/compiler/ti-cgt-msp430_21.6.0.LTS/bin/cl430" -vmspx --use_hw_mpy=none --include_path="C:/ti/ccs1210/ccs/ccs_base/msp430/include" --include_path="C:/Users/Temp/workspace_v12/framctl_ex1_write" --include_path="C:/Users/Temp/workspace_v12/framctl_ex1_write/driverlib/MSP430FR2xx_4xx" --include_path="C:/ti/ccs1210/ccs/tools/compiler/ti-cgt-msp430_21.6.0.LTS/include" --advice:power="none" --advice:hw_config=all --define=__MSP430FR4133__ --define=DEPRECATED -g --printf_support=minimal --diag_warning=225 --diag_wrap=off --display_error_number --silicon_errata=CPU21 --silicon_errata=CPU22 --silicon_errata=CPU40 --preproc_with_compile --preproc_dependency="driverlib/MSP430FR2xx_4xx/adc.d_raw" --obj_directory="driverlib/MSP430FR2xx_4xx"  "../driverlib/MSP430FR2xx_4xx/adc.c"
Finished building: "../driverlib/MSP430FR2xx_4xx/adc.c"
 
Building file: "../driverlib/MSP430FR2xx_4xx/ecomp.c"
Invoking: MSP430 Compiler
"C:/ti/ccs1210/ccs/tools/compiler/ti-cgt-msp430_21.6.0.LTS/bin/cl430" -vmspx --use_hw_mpy=none --include_path="C:/ti/ccs1210/ccs/ccs_base/msp430/include" --include_path="C:/Users/Temp/workspace_v12/framctl_ex1_write" --include_path="C:/Users/Temp/workspace_v12/framctl_ex1_write/driverlib/MSP430FR2xx_4xx" --include_path="C:/ti/ccs1210/ccs/tools/compiler/ti-cgt-msp430_21.6.0.LTS/include" --advice:power="none" --advice:hw_config=all --define=__MSP430FR4133__ --define=DEPRECATED -g --printf_support=minimal --diag_warning=225 --diag_wrap=off --display_error_number --silicon_errata=CPU21 --silicon_errata=CPU22 --silicon_errata=CPU40 --preproc_with_compile --preproc_dependency="driverlib/MSP430FR2xx_4xx/ecomp.d_raw" --obj_directory="driverlib/MSP430FR2xx_4xx"  "../driverlib/MSP430FR2xx_4xx/ecomp.c"
Finished building: "../driverlib/MSP430FR2xx_4xx/ecomp.c"
 
Building file: "../driverlib/MSP430FR2xx_4xx/eusci_a_spi.c"
Invoking: MSP430 Compiler
"C:/ti/ccs1210/ccs/tools/compiler/ti-cgt-msp430_21.6.0.LTS/bin/cl430" -vmspx --use_hw_mpy=none --include_path="C:/ti/ccs1210/ccs/ccs_base/msp430/include" --include_path="C:/Users/Temp/workspace_v12/framctl_ex1_write" --include_path="C:/Users/Temp/workspace_v12/framctl_ex1_write/driverlib/MSP430FR2xx_4xx" --include_path="C:/ti/ccs1210/ccs/tools/compiler/ti-cgt-msp430_21.6.0.LTS/include" --advice:power="none" --advice:hw_config=all --define=__MSP430FR4133__ --define=DEPRECATED -g --printf_support=minimal --diag_warning=225 --diag_wrap=off --display_error_number --silicon_errata=CPU21 --silicon_errata=CPU22 --silicon_errata=CPU40 --preproc_with_compile --preproc_dependency="driverlib/MSP430FR2xx_4xx/eusci_a_spi.d_raw" --obj_directory="driverlib/MSP430FR2xx_4xx"  "../driverlib/MSP430FR2xx_4xx/eusci_a_spi.c"
Finished building: "../driverlib/MSP430FR2xx_4xx/eusci_a_spi.c"
 
Building file: "../driverlib/MSP430FR2xx_4xx/eusci_a_uart.c"
Invoking: MSP430 Compiler
"C:/ti/ccs1210/ccs/tools/compiler/ti-cgt-msp430_21.6.0.LTS/bin/cl430" -vmspx --use_hw_mpy=none --include_path="C:/ti/ccs1210/ccs/ccs_base/msp430/include" --include_path="C:/Users/Temp/workspace_v12/framctl_ex1_write" --include_path="C:/Users/Temp/workspace_v12/framctl_ex1_write/driverlib/MSP430FR2xx_4xx" --include_path="C:/ti/ccs1210/ccs/tools/compiler/ti-cgt-msp430_21.6.0.LTS/include" --advice:power="none" --advice:hw_config=all --define=__MSP430FR4133__ --define=DEPRECATED -g --printf_support=minimal --diag_warning=225 --diag_wrap=off --display_error_number --silicon_errata=CPU21 --silicon_errata=CPU22 --silicon_errata=CPU40 --preproc_with_compile --preproc_dependency="driverlib/MSP430FR2xx_4xx/eusci_a_uart.d_raw" --obj_directory="driverlib/MSP430FR2xx_4xx"  "../driverlib/MSP430FR2xx_4xx/eusci_a_uart.c"
Finished building: "../driverlib/MSP430FR2xx_4xx/eusci_a_uart.c"
 
Building file: "../driverlib/MSP430FR2xx_4xx/cs.c"
Invoking: MSP430 Compiler
"C:/ti/ccs1210/ccs/tools/compiler/ti-cgt-msp430_21.6.0.LTS/bin/cl430" -vmspx --use_hw_mpy=none --include_path="C:/ti/ccs1210/ccs/ccs_base/msp430/include" --include_path="C:/Users/Temp/workspace_v12/framctl_ex1_write" --include_path="C:/Users/Temp/workspace_v12/framctl_ex1_write/driverlib/MSP430FR2xx_4xx" --include_path="C:/ti/ccs1210/ccs/tools/compiler/ti-cgt-msp430_21.6.0.LTS/include" --advice:power="none" --advice:hw_config=all --define=__MSP430FR4133__ --define=DEPRECATED -g --printf_support=minimal --diag_warning=225 --diag_wrap=off --display_error_number --silicon_errata=CPU21 --silicon_errata=CPU22 --silicon_errata=CPU40 --preproc_with_compile --preproc_dependency="driverlib/MSP430FR2xx_4xx/cs.d_raw" --obj_directory="driverlib/MSP430FR2xx_4xx"  "../driverlib/MSP430FR2xx_4xx/cs.c"
Finished building: "../driverlib/MSP430FR2xx_4xx/cs.c"
 
Building file: "../driverlib/MSP430FR2xx_4xx/eusci_b_i2c.c"
Invoking: MSP430 Compiler
"C:/ti/ccs1210/ccs/tools/compiler/ti-cgt-msp430_21.6.0.LTS/bin/cl430" -vmspx --use_hw_mpy=none --include_path="C:/ti/ccs1210/ccs/ccs_base/msp430/include" --include_path="C:/Users/Temp/workspace_v12/framctl_ex1_write" --include_path="C:/Users/Temp/workspace_v12/framctl_ex1_write/driverlib/MSP430FR2xx_4xx" --include_path="C:/ti/ccs1210/ccs/tools/compiler/ti-cgt-msp430_21.6.0.LTS/include" --advice:power="none" --advice:hw_config=all --define=__MSP430FR4133__ --define=DEPRECATED -g --printf_support=minimal --diag_warning=225 --diag_wrap=off --display_error_number --silicon_errata=CPU21 --silicon_errata=CPU22 --silicon_errata=CPU40 --preproc_with_compile --preproc_dependency="driverlib/MSP430FR2xx_4xx/eusci_b_i2c.d_raw" --obj_directory="driverlib/MSP430FR2xx_4xx"  "../driverlib/MSP430FR2xx_4xx/eusci_b_i2c.c"
Finished building: "../driverlib/MSP430FR2xx_4xx/eusci_b_i2c.c"
 
Building file: "../driverlib/MSP430FR2xx_4xx/eusci_b_spi.c"
Invoking: MSP430 Compiler
"C:/ti/ccs1210/ccs/tools/compiler/ti-cgt-msp430_21.6.0.LTS/bin/cl430" -vmspx --use_hw_mpy=none --include_path="C:/ti/ccs1210/ccs/ccs_base/msp430/include" --include_path="C:/Users/Temp/workspace_v12/framctl_ex1_write" --include_path="C:/Users/Temp/workspace_v12/framctl_ex1_write/driverlib/MSP430FR2xx_4xx" --include_path="C:/ti/ccs1210/ccs/tools/compiler/ti-cgt-msp430_21.6.0.LTS/include" --advice:power="none" --advice:hw_config=all --define=__MSP430FR4133__ --define=DEPRECATED -g --printf_support=minimal --diag_warning=225 --diag_wrap=off --display_error_number --silicon_errata=CPU21 --silicon_errata=CPU22 --silicon_errata=CPU40 --preproc_with_compile --preproc_dependency="driverlib/MSP430FR2xx_4xx/eusci_b_spi.d_raw" --obj_directory="driverlib/MSP430FR2xx_4xx"  "../driverlib/MSP430FR2xx_4xx/eusci_b_spi.c"
Finished building: "../driverlib/MSP430FR2xx_4xx/eusci_b_spi.c"
 
Building file: "../driverlib/MSP430FR2xx_4xx/framctl.c"
Invoking: MSP430 Compiler
"C:/ti/ccs1210/ccs/tools/compiler/ti-cgt-msp430_21.6.0.LTS/bin/cl430" -vmspx --use_hw_mpy=none --include_path="C:/ti/ccs1210/ccs/ccs_base/msp430/include" --include_path="C:/Users/Temp/workspace_v12/framctl_ex1_write" --include_path="C:/Users/Temp/workspace_v12/framctl_ex1_write/driverlib/MSP430FR2xx_4xx" --include_path="C:/ti/ccs1210/ccs/tools/compiler/ti-cgt-msp430_21.6.0.LTS/include" --advice:power="none" --advice:hw_config=all --define=__MSP430FR4133__ --define=DEPRECATED -g --printf_support=minimal --diag_warning=225 --diag_wrap=off --display_error_number --silicon_errata=CPU21 --silicon_errata=CPU22 --silicon_errata=CPU40 --preproc_with_compile --preproc_dependency="driverlib/MSP430FR2xx_4xx/framctl.d_raw" --obj_directory="driverlib/MSP430FR2xx_4xx"  "../driverlib/MSP430FR2xx_4xx/framctl.c"
Finished building: "../driverlib/MSP430FR2xx_4xx/framctl.c"
 
Building file: "../driverlib/MSP430FR2xx_4xx/icc.c"
Invoking: MSP430 Compiler
"C:/ti/ccs1210/ccs/tools/compiler/ti-cgt-msp430_21.6.0.LTS/bin/cl430" -vmspx --use_hw_mpy=none --include_path="C:/ti/ccs1210/ccs/ccs_base/msp430/include" --include_path="C:/Users/Temp/workspace_v12/framctl_ex1_write" --include_path="C:/Users/Temp/workspace_v12/framctl_ex1_write/driverlib/MSP430FR2xx_4xx" --include_path="C:/ti/ccs1210/ccs/tools/compiler/ti-cgt-msp430_21.6.0.LTS/include" --advice:power="none" --advice:hw_config=all --define=__MSP430FR4133__ --define=DEPRECATED -g --printf_support=minimal --diag_warning=225 --diag_wrap=off --display_error_number --silicon_errata=CPU21 --silicon_errata=CPU22 --silicon_errata=CPU40 --preproc_with_compile --preproc_dependency="driverlib/MSP430FR2xx_4xx/icc.d_raw" --obj_directory="driverlib/MSP430FR2xx_4xx"  "../driverlib/MSP430FR2xx_4xx/icc.c"
Finished building: "../driverlib/MSP430FR2xx_4xx/icc.c"
 
Building file: "../driverlib/MSP430FR2xx_4xx/gpio.c"
Invoking: MSP430 Compiler
"C:/ti/ccs1210/ccs/tools/compiler/ti-cgt-msp430_21.6.0.LTS/bin/cl430" -vmspx --use_hw_mpy=none --include_path="C:/ti/ccs1210/ccs/ccs_base/msp430/include" --include_path="C:/Users/Temp/workspace_v12/framctl_ex1_write" --include_path="C:/Users/Temp/workspace_v12/framctl_ex1_write/driverlib/MSP430FR2xx_4xx" --include_path="C:/ti/ccs1210/ccs/tools/compiler/ti-cgt-msp430_21.6.0.LTS/include" --advice:power="none" --advice:hw_config=all --define=__MSP430FR4133__ --define=DEPRECATED -g --printf_support=minimal --diag_warning=225 --diag_wrap=off --display_error_number --silicon_errata=CPU21 --silicon_errata=CPU22 --silicon_errata=CPU40 --preproc_with_compile --preproc_dependency="driverlib/MSP430FR2xx_4xx/gpio.d_raw" --obj_directory="driverlib/MSP430FR2xx_4xx"  "../driverlib/MSP430FR2xx_4xx/gpio.c"
Finished building: "../driverlib/MSP430FR2xx_4xx/gpio.c"
 
Building file: "../driverlib/MSP430FR2xx_4xx/mpy32.c"
Invoking: MSP430 Compiler
"C:/ti/ccs1210/ccs/tools/compiler/ti-cgt-msp430_21.6.0.LTS/bin/cl430" -vmspx --use_hw_mpy=none --include_path="C:/ti/ccs1210/ccs/ccs_base/msp430/include" --include_path="C:/Users/Temp/workspace_v12/framctl_ex1_write" --include_path="C:/Users/Temp/workspace_v12/framctl_ex1_write/driverlib/MSP430FR2xx_4xx" --include_path="C:/ti/ccs1210/ccs/tools/compiler/ti-cgt-msp430_21.6.0.LTS/include" --advice:power="none" --advice:hw_config=all --define=__MSP430FR4133__ --define=DEPRECATED -g --printf_support=minimal --diag_warning=225 --diag_wrap=off --display_error_number --silicon_errata=CPU21 --silicon_errata=CPU22 --silicon_errata=CPU40 --preproc_with_compile --preproc_dependency="driverlib/MSP430FR2xx_4xx/mpy32.d_raw" --obj_directory="driverlib/MSP430FR2xx_4xx"  "../driverlib/MSP430FR2xx_4xx/mpy32.c"
Finished building: "../driverlib/MSP430FR2xx_4xx/mpy32.c"
 
Building file: "../driverlib/MSP430FR2xx_4xx/pmm.c"
Invoking: MSP430 Compiler
"C:/ti/ccs1210/ccs/tools/compiler/ti-cgt-msp430_21.6.0.LTS/bin/cl430" -vmspx --use_hw_mpy=none --include_path="C:/ti/ccs1210/ccs/ccs_base/msp430/include" --include_path="C:/Users/Temp/workspace_v12/framctl_ex1_write" --include_path="C:/Users/Temp/workspace_v12/framctl_ex1_write/driverlib/MSP430FR2xx_4xx" --include_path="C:/ti/ccs1210/ccs/tools/compiler/ti-cgt-msp430_21.6.0.LTS/include" --advice:power="none" --advice:hw_config=all --define=__MSP430FR4133__ --define=DEPRECATED -g --printf_support=minimal --diag_warning=225 --diag_wrap=off --display_error_number --silicon_errata=CPU21 --silicon_errata=CPU22 --silicon_errata=CPU40 --preproc_with_compile --preproc_dependency="driverlib/MSP430FR2xx_4xx/pmm.d_raw" --obj_directory="driverlib/MSP430FR2xx_4xx"  "../driverlib/MSP430FR2xx_4xx/pmm.c"
Finished building: "../driverlib/MSP430FR2xx_4xx/pmm.c"
 
Building file: "../driverlib/MSP430FR2xx_4xx/lcd_e.c"
Invoking: MSP430 Compiler
"C:/ti/ccs1210/ccs/tools/compiler/ti-cgt-msp430_21.6.0.LTS/bin/cl430" -vmspx --use_hw_mpy=none --include_path="C:/ti/ccs1210/ccs/ccs_base/msp430/include" --include_path="C:/Users/Temp/workspace_v12/framctl_ex1_write" --include_path="C:/Users/Temp/workspace_v12/framctl_ex1_write/driverlib/MSP430FR2xx_4xx" --include_path="C:/ti/ccs1210/ccs/tools/compiler/ti-cgt-msp430_21.6.0.LTS/include" --advice:power="none" --advice:hw_config=all --define=__MSP430FR4133__ --define=DEPRECATED -g --printf_support=minimal --diag_warning=225 --diag_wrap=off --display_error_number --silicon_errata=CPU21 --silicon_errata=CPU22 --silicon_errata=CPU40 --preproc_with_compile --preproc_dependency="driverlib/MSP430FR2xx_4xx/lcd_e.d_raw" --obj_directory="driverlib/MSP430FR2xx_4xx"  "../driverlib/MSP430FR2xx_4xx/lcd_e.c"
Finished building: "../driverlib/MSP430FR2xx_4xx/lcd_e.c"
 
Building file: "../driverlib/MSP430FR2xx_4xx/sac.c"
Invoking: MSP430 Compiler
"C:/ti/ccs1210/ccs/tools/compiler/ti-cgt-msp430_21.6.0.LTS/bin/cl430" -vmspx --use_hw_mpy=none --include_path="C:/ti/ccs1210/ccs/ccs_base/msp430/include" --include_path="C:/Users/Temp/workspace_v12/framctl_ex1_write" --include_path="C:/Users/Temp/workspace_v12/framctl_ex1_write/driverlib/MSP430FR2xx_4xx" --include_path="C:/ti/ccs1210/ccs/tools/compiler/ti-cgt-msp430_21.6.0.LTS/include" --advice:power="none" --advice:hw_config=all --define=__MSP430FR4133__ --define=DEPRECATED -g --printf_support=minimal --diag_warning=225 --diag_wrap=off --display_error_number --silicon_errata=CPU21 --silicon_errata=CPU22 --silicon_errata=CPU40 --preproc_with_compile --preproc_dependency="driverlib/MSP430FR2xx_4xx/sac.d_raw" --obj_directory="driverlib/MSP430FR2xx_4xx"  "../driverlib/MSP430FR2xx_4xx/sac.c"
Finished building: "../driverlib/MSP430FR2xx_4xx/sac.c"
 
Building file: "../driverlib/MSP430FR2xx_4xx/rtc.c"
Invoking: MSP430 Compiler
"C:/ti/ccs1210/ccs/tools/compiler/ti-cgt-msp430_21.6.0.LTS/bin/cl430" -vmspx --use_hw_mpy=none --include_path="C:/ti/ccs1210/ccs/ccs_base/msp430/include" --include_path="C:/Users/Temp/workspace_v12/framctl_ex1_write" --include_path="C:/Users/Temp/workspace_v12/framctl_ex1_write/driverlib/MSP430FR2xx_4xx" --include_path="C:/ti/ccs1210/ccs/tools/compiler/ti-cgt-msp430_21.6.0.LTS/include" --advice:power="none" --advice:hw_config=all --define=__MSP430FR4133__ --define=DEPRECATED -g --printf_support=minimal --diag_warning=225 --diag_wrap=off --display_error_number --silicon_errata=CPU21 --silicon_errata=CPU22 --silicon_errata=CPU40 --preproc_with_compile --preproc_dependency="driverlib/MSP430FR2xx_4xx/rtc.d_raw" --obj_directory="driverlib/MSP430FR2xx_4xx"  "../driverlib/MSP430FR2xx_4xx/rtc.c"
Finished building: "../driverlib/MSP430FR2xx_4xx/rtc.c"
 
Building file: "../driverlib/MSP430FR2xx_4xx/sfr.c"
Invoking: MSP430 Compiler
"C:/ti/ccs1210/ccs/tools/compiler/ti-cgt-msp430_21.6.0.LTS/bin/cl430" -vmspx --use_hw_mpy=none --include_path="C:/ti/ccs1210/ccs/ccs_base/msp430/include" --include_path="C:/Users/Temp/workspace_v12/framctl_ex1_write" --include_path="C:/Users/Temp/workspace_v12/framctl_ex1_write/driverlib/MSP430FR2xx_4xx" --include_path="C:/ti/ccs1210/ccs/tools/compiler/ti-cgt-msp430_21.6.0.LTS/include" --advice:power="none" --advice:hw_config=all --define=__MSP430FR4133__ --define=DEPRECATED -g --printf_support=minimal --diag_warning=225 --diag_wrap=off --display_error_number --silicon_errata=CPU21 --silicon_errata=CPU22 --silicon_errata=CPU40 --preproc_with_compile --preproc_dependency="driverlib/MSP430FR2xx_4xx/sfr.d_raw" --obj_directory="driverlib/MSP430FR2xx_4xx"  "../driverlib/MSP430FR2xx_4xx/sfr.c"
Finished building: "../driverlib/MSP430FR2xx_4xx/sfr.c"
 
Building file: "../driverlib/MSP430FR2xx_4xx/sysctl.c"
Invoking: MSP430 Compiler
"C:/ti/ccs1210/ccs/tools/compiler/ti-cgt-msp430_21.6.0.LTS/bin/cl430" -vmspx --use_hw_mpy=none --include_path="C:/ti/ccs1210/ccs/ccs_base/msp430/include" --include_path="C:/Users/Temp/workspace_v12/framctl_ex1_write" --include_path="C:/Users/Temp/workspace_v12/framctl_ex1_write/driverlib/MSP430FR2xx_4xx" --include_path="C:/ti/ccs1210/ccs/tools/compiler/ti-cgt-msp430_21.6.0.LTS/include" --advice:power="none" --advice:hw_config=all --define=__MSP430FR4133__ --define=DEPRECATED -g --printf_support=minimal --diag_warning=225 --diag_wrap=off --display_error_number --silicon_errata=CPU21 --silicon_errata=CPU22 --silicon_errata=CPU40 --preproc_with_compile --preproc_dependency="driverlib/MSP430FR2xx_4xx/sysctl.d_raw" --obj_directory="driverlib/MSP430FR2xx_4xx"  "../driverlib/MSP430FR2xx_4xx/sysctl.c"
Finished building: "../driverlib/MSP430FR2xx_4xx/sysctl.c"
 
Building file: "../driverlib/MSP430FR2xx_4xx/tia.c"
Invoking: MSP430 Compiler
"C:/ti/ccs1210/ccs/tools/compiler/ti-cgt-msp430_21.6.0.LTS/bin/cl430" -vmspx --use_hw_mpy=none --include_path="C:/ti/ccs1210/ccs/ccs_base/msp430/include" --include_path="C:/Users/Temp/workspace_v12/framctl_ex1_write" --include_path="C:/Users/Temp/workspace_v12/framctl_ex1_write/driverlib/MSP430FR2xx_4xx" --include_path="C:/ti/ccs1210/ccs/tools/compiler/ti-cgt-msp430_21.6.0.LTS/include" --advice:power="none" --advice:hw_config=all --define=__MSP430FR4133__ --define=DEPRECATED -g --printf_support=minimal --diag_warning=225 --diag_wrap=off --display_error_number --silicon_errata=CPU21 --silicon_errata=CPU22 --silicon_errata=CPU40 --preproc_with_compile --preproc_dependency="driverlib/MSP430FR2xx_4xx/tia.d_raw" --obj_directory="driverlib/MSP430FR2xx_4xx"  "../driverlib/MSP430FR2xx_4xx/tia.c"
Finished building: "../driverlib/MSP430FR2xx_4xx/tia.c"
 
Building file: "../driverlib/MSP430FR2xx_4xx/timer_b.c"
Invoking: MSP430 Compiler
"C:/ti/ccs1210/ccs/tools/compiler/ti-cgt-msp430_21.6.0.LTS/bin/cl430" -vmspx --use_hw_mpy=none --include_path="C:/ti/ccs1210/ccs/ccs_base/msp430/include" --include_path="C:/Users/Temp/workspace_v12/framctl_ex1_write" --include_path="C:/Users/Temp/workspace_v12/framctl_ex1_write/driverlib/MSP430FR2xx_4xx" --include_path="C:/ti/ccs1210/ccs/tools/compiler/ti-cgt-msp430_21.6.0.LTS/include" --advice:power="none" --advice:hw_config=all --define=__MSP430FR4133__ --define=DEPRECATED -g --printf_support=minimal --diag_warning=225 --diag_wrap=off --display_error_number --silicon_errata=CPU21 --silicon_errata=CPU22 --silicon_errata=CPU40 --preproc_with_compile --preproc_dependency="driverlib/MSP430FR2xx_4xx/timer_b.d_raw" --obj_directory="driverlib/MSP430FR2xx_4xx"  "../driverlib/MSP430FR2xx_4xx/timer_b.c"
Finished building: "../driverlib/MSP430FR2xx_4xx/timer_b.c"
 
Building file: "../driverlib/MSP430FR2xx_4xx/timer_a.c"
Invoking: MSP430 Compiler
"C:/ti/ccs1210/ccs/tools/compiler/ti-cgt-msp430_21.6.0.LTS/bin/cl430" -vmspx --use_hw_mpy=none --include_path="C:/ti/ccs1210/ccs/ccs_base/msp430/include" --include_path="C:/Users/Temp/workspace_v12/framctl_ex1_write" --include_path="C:/Users/Temp/workspace_v12/framctl_ex1_write/driverlib/MSP430FR2xx_4xx" --include_path="C:/ti/ccs1210/ccs/tools/compiler/ti-cgt-msp430_21.6.0.LTS/include" --advice:power="none" --advice:hw_config=all --define=__MSP430FR4133__ --define=DEPRECATED -g --printf_support=minimal --diag_warning=225 --diag_wrap=off --display_error_number --silicon_errata=CPU21 --silicon_errata=CPU22 --silicon_errata=CPU40 --preproc_with_compile --preproc_dependency="driverlib/MSP430FR2xx_4xx/timer_a.d_raw" --obj_directory="driverlib/MSP430FR2xx_4xx"  "../driverlib/MSP430FR2xx_4xx/timer_a.c"
Finished building: "../driverlib/MSP430FR2xx_4xx/timer_a.c"
 
Building file: "../driverlib/MSP430FR2xx_4xx/wdt_a.c"
Invoking: MSP430 Compiler
"C:/ti/ccs1210/ccs/tools/compiler/ti-cgt-msp430_21.6.0.LTS/bin/cl430" -vmspx --use_hw_mpy=none --include_path="C:/ti/ccs1210/ccs/ccs_base/msp430/include" --include_path="C:/Users/Temp/workspace_v12/framctl_ex1_write" --include_path="C:/Users/Temp/workspace_v12/framctl_ex1_write/driverlib/MSP430FR2xx_4xx" --include_path="C:/ti/ccs1210/ccs/tools/compiler/ti-cgt-msp430_21.6.0.LTS/include" --advice:power="none" --advice:hw_config=all --define=__MSP430FR4133__ --define=DEPRECATED -g --printf_support=minimal --diag_warning=225 --diag_wrap=off --display_error_number --silicon_errata=CPU21 --silicon_errata=CPU22 --silicon_errata=CPU40 --preproc_with_compile --preproc_dependency="driverlib/MSP430FR2xx_4xx/wdt_a.d_raw" --obj_directory="driverlib/MSP430FR2xx_4xx"  "../driverlib/MSP430FR2xx_4xx/wdt_a.c"
Finished building: "../driverlib/MSP430FR2xx_4xx/wdt_a.c"
 
Building file: "../driverlib/MSP430FR2xx_4xx/tlv.c"
Invoking: MSP430 Compiler
"C:/ti/ccs1210/ccs/tools/compiler/ti-cgt-msp430_21.6.0.LTS/bin/cl430" -vmspx --use_hw_mpy=none --include_path="C:/ti/ccs1210/ccs/ccs_base/msp430/include" --include_path="C:/Users/Temp/workspace_v12/framctl_ex1_write" --include_path="C:/Users/Temp/workspace_v12/framctl_ex1_write/driverlib/MSP430FR2xx_4xx" --include_path="C:/ti/ccs1210/ccs/tools/compiler/ti-cgt-msp430_21.6.0.LTS/include" --advice:power="none" --advice:hw_config=all --define=__MSP430FR4133__ --define=DEPRECATED -g --printf_support=minimal --diag_warning=225 --diag_wrap=off --display_error_number --silicon_errata=CPU21 --silicon_errata=CPU22 --silicon_errata=CPU40 --preproc_with_compile --preproc_dependency="driverlib/MSP430FR2xx_4xx/tlv.d_raw" --obj_directory="driverlib/MSP430FR2xx_4xx"  "../driverlib/MSP430FR2xx_4xx/tlv.c"
Finished building: "../driverlib/MSP430FR2xx_4xx/tlv.c"
 
gmake: Target 'all' not remade because of errors.

**** Build Finished ****

**** Build of configuration Debug for project Wind Speed ****

"C:\\ti\\ccs1210\\ccs\\utils\\bin\\gmake" -k -j 12 all -O 
 
Building file: "../main.c"
Invoking: MSP430 Compiler
"C:/ti/ccs1210/ccs/tools/compiler/ti-cgt-msp430_21.6.0.LTS/bin/cl430" -vmspx --use_hw_mpy=none --include_path="C:/ti/ccs1210/ccs/ccs_base/msp430/include" --include_path="C:/Users/Temp/workspace_v12/Wind Speed" --include_path="C:/ti/ccs1210/ccs/tools/compiler/ti-cgt-msp430_21.6.0.LTS/include" --advice:power=all --advice:hw_config=all --define=__MSP430FR4133__ -g --printf_support=minimal --diag_warning=225 --diag_wrap=off --display_error_number --silicon_errata=CPU21 --silicon_errata=CPU22 --silicon_errata=CPU40 --preproc_with_compile --preproc_dependency="main.d_raw"  "../main.c"
 
>> Compilation failure
subdir_rules.mk:9: recipe for target 'main.obj' failed
"../main.c", line 16: error #20: identifier "TB0CTL" is undefined
"../main.c", line 16: error #20: identifier "TBSSEL__SMCLK" is undefined
"../main.c", line 17: error #20: identifier "TB0CCR0" is undefined
"../main.c", line 18: error #20: identifier "TB0CCR1" is undefined
"../main.c", line 19: error #20: identifier "TB0CCTL1" is undefined
"../main.c", line 27: error #20: identifier "TB0CCR1" is undefined
"../main.c", line 37: remark #1527-D: (ULP 2.1) Detected SW delay loop using __delay_cycles. Recommend using a timer module instead
"../main.c", line 39: remark #1527-D: (ULP 2.1) Detected SW delay loop using __delay_cycles. Recommend using a timer module instead
6 errors detected in the compilation of "../main.c".
gmake: *** [main.obj] Error 1
gmake: Target 'all' not remade because of errors.

**** Build Finished ****

**** Build of configuration Debug for project framctl_ex1_write ****

"C:\\ti\\ccs1210\\ccs\\utils\\bin\\gmake" -k -j 12 all -O 
 
Building file: "../main.c"
Invoking: MSP430 Compiler
"C:/ti/ccs1210/ccs/tools/compiler/ti-cgt-msp430_21.6.0.LTS/bin/cl430" -vmspx --use_hw_mpy=none --include_path="C:/ti/ccs1210/ccs/ccs_base/msp430/include" --include_path="C:/Users/Temp/workspace_v12/framctl_ex1_write" --include_path="C:/Users/Temp/workspace_v12/framctl_ex1_write/driverlib/MSP430FR2xx_4xx" --include_path="C:/ti/ccs1210/ccs/tools/compiler/ti-cgt-msp430_21.6.0.LTS/include" --advice:power="none" --advice:hw_config=all --define=__MSP430FR4133__ --define=DEPRECATED -g --printf_support=minimal --diag_warning=225 --diag_wrap=off --display_error_number --silicon_errata=CPU21 --silicon_errata=CPU22 --silicon_errata=CPU40 --preproc_with_compile --preproc_dependency="main.d_raw"  "../main.c"
 
>> Compilation failure
subdir_rules.mk:9: recipe for target 'main.obj' failed
"../main.c", line 17: error #20: identifier "TB0CTL" is undefined
"../main.c", line 17: error #20: identifier "TBSSEL__SMCLK" is undefined
"../main.c", line 18: error #20: identifier "TB0CCR0" is undefined
"../main.c", line 19: error #20: identifier "TB0CCR1" is undefined
"../main.c", line 20: error #20: identifier "TB0CCTL1" is undefined
"../main.c", line 28: error #20: identifier "TB0CCR1" is undefined
6 errors detected in the compilation of "../main.c".
gmake: *** [main.obj] Error 1
gmake: Target 'all' not remade because of errors.

**** Build Finished ****

**** Build of configuration Debug for project Wind Speed ****

"C:\\ti\\ccs1210\\ccs\\utils\\bin\\gmake" -k -j 12 all -O 
 
Building file: "../main.c"
Invoking: MSP430 Compiler
"C:/ti/ccs1210/ccs/tools/compiler/ti-cgt-msp430_21.6.0.LTS/bin/cl430" -vmspx --use_hw_mpy=none --include_path="C:/ti/ccs1210/ccs/ccs_base/msp430/include" --include_path="C:/Users/Temp/workspace_v12/Wind Speed" --include_path="C:/ti/ccs1210/ccs/tools/compiler/ti-cgt-msp430_21.6.0.LTS/include" --advice:power=all --advice:hw_config=all --define=__MSP430FR4133__ -g --printf_support=minimal --diag_warning=225 --diag_wrap=off --display_error_number --silicon_errata=CPU21 --silicon_errata=CPU22 --silicon_errata=CPU40 --preproc_with_compile --preproc_dependency="main.d_raw"  "../main.c"
 
>> Compilation failure
subdir_rules.mk:9: recipe for target 'main.obj' failed
"../main.c", line 16: error #20: identifier "TB0CTL" is undefined
"../main.c", line 16: error #20: identifier "TBSSEL__SMCLK" is undefined
"../main.c", line 17: error #20: identifier "TB0CCR0" is undefined
"../main.c", line 18: error #20: identifier "TB0CCR1" is undefined
"../main.c", line 19: error #20: identifier "TB0CCTL1" is undefined
"../main.c", line 27: error #20: identifier "TB0CCR1" is undefined
"../main.c", line 37: remark #1527-D: (ULP 2.1) Detected SW delay loop using __delay_cycles. Recommend using a timer module instead
"../main.c", line 39: remark #1527-D: (ULP 2.1) Detected SW delay loop using __delay_cycles. Recommend using a timer module instead
6 errors detected in the compilation of "../main.c".
gmake: *** [main.obj] Error 1
gmake: Target 'all' not remade because of errors.

**** Build Finished ****

**** Build of configuration Debug for project framctl_ex1_write ****

"C:\\ti\\ccs1210\\ccs\\utils\\bin\\gmake" -k -j 12 all -O 
 
Building file: "../main.c"
Invoking: MSP430 Compiler
"C:/ti/ccs1210/ccs/tools/compiler/ti-cgt-msp430_21.6.0.LTS/bin/cl430" -vmspx --use_hw_mpy=none --include_path="C:/ti/ccs1210/ccs/ccs_base/msp430/include" --include_path="C:/Users/Temp/workspace_v12/framctl_ex1_write" --include_path="C:/Users/Temp/workspace_v12/framctl_ex1_write/driverlib/MSP430FR2xx_4xx" --include_path="C:/ti/ccs1210/ccs/tools/compiler/ti-cgt-msp430_21.6.0.LTS/include" --advice:power="none" --advice:hw_config=all --define=__MSP430FR4133__ --define=DEPRECATED -g --printf_support=minimal --diag_warning=225 --diag_wrap=off --display_error_number --silicon_errata=CPU21 --silicon_errata=CPU22 --silicon_errata=CPU40 --preproc_with_compile --preproc_dependency="main.d_raw"  "../main.c"
 
>> Compilation failure
subdir_rules.mk:9: recipe for target 'main.obj' failed
"../main.c", line 9: error #20: identifier "BCSCTL1" is undefined
"../main.c", line 9: error #20: identifier "CALBC1_1MHZ" is undefined
"../main.c", line 10: error #20: identifier "DCOCTL" is undefined
"../main.c", line 10: error #20: identifier "CALDCO_1MHZ" is undefined
"../main.c", line 16: error #20: identifier "P1SEL" is undefined
"../main.c", line 19: error #20: identifier "TACTL" is undefined
"../main.c", line 20: error #20: identifier "TACCR0" is undefined
"../main.c", line 21: error #20: identifier "TACCTL1" is undefined
"../main.c", line 22: error #20: identifier "TACCR1" is undefined
"../main.c", line 30: error #20: identifier "TACCR1" is undefined
"../main.c", line 30: error #20: identifier "TACCR0" is undefined
"../main.c", line 40: error #29: expected an expression
"../main.c", line 40: error #20: identifier "speed" is undefined
13 errors detected in the compilation of "../main.c".
gmake: *** [main.obj] Error 1
gmake: Target 'all' not remade because of errors.

**** Build Finished ****

**** Build of configuration Debug for project Wind Speed ****

"C:\\ti\\ccs1210\\ccs\\utils\\bin\\gmake" -k -j 12 all -O 
 
Building file: "../main.c"
Invoking: MSP430 Compiler
"C:/ti/ccs1210/ccs/tools/compiler/ti-cgt-msp430_21.6.0.LTS/bin/cl430" -vmspx --use_hw_mpy=none --include_path="C:/ti/ccs1210/ccs/ccs_base/msp430/include" --include_path="C:/Users/Temp/workspace_v12/Wind Speed" --include_path="C:/ti/ccs1210/ccs/tools/compiler/ti-cgt-msp430_21.6.0.LTS/include" --advice:power=all --advice:hw_config=all --define=__MSP430FR4133__ -g --printf_support=minimal --diag_warning=225 --diag_wrap=off --display_error_number --silicon_errata=CPU21 --silicon_errata=CPU22 --silicon_errata=CPU40 --preproc_with_compile --preproc_dependency="main.d_raw"  "../main.c"
 
>> Compilation failure
subdir_rules.mk:9: recipe for target 'main.obj' failed
"../main.c", line 16: error #20: identifier "TB0CTL" is undefined
"../main.c", line 16: error #20: identifier "TBSSEL__SMCLK" is undefined
"../main.c", line 17: error #20: identifier "TB0CCR0" is undefined
"../main.c", line 18: error #20: identifier "TB0CCR1" is undefined
"../main.c", line 19: error #20: identifier "TB0CCTL1" is undefined
"../main.c", line 27: error #20: identifier "TB0CCR1" is undefined
"../main.c", line 37: remark #1527-D: (ULP 2.1) Detected SW delay loop using __delay_cycles. Recommend using a timer module instead
"../main.c", line 39: remark #1527-D: (ULP 2.1) Detected SW delay loop using __delay_cycles. Recommend using a timer module instead
6 errors detected in the compilation of "../main.c".
gmake: *** [main.obj] Error 1
gmake: Target 'all' not remade because of errors.

**** Build Finished ****

**** Build of configuration Debug for project framctl_ex1_write ****

"C:\\ti\\ccs1210\\ccs\\utils\\bin\\gmake" -k -j 12 all -O 
 
Building file: "../main.c"
Invoking: MSP430 Compiler
"C:/ti/ccs1210/ccs/tools/compiler/ti-cgt-msp430_21.6.0.LTS/bin/cl430" -vmspx --use_hw_mpy=none --include_path="C:/ti/ccs1210/ccs/ccs_base/msp430/include" --include_path="C:/Users/Temp/workspace_v12/framctl_ex1_write" --include_path="C:/Users/Temp/workspace_v12/framctl_ex1_write/driverlib/MSP430FR2xx_4xx" --include_path="C:/ti/ccs1210/ccs/tools/compiler/ti-cgt-msp430_21.6.0.LTS/include" --advice:power="none" --advice:hw_config=all --define=__MSP430FR4133__ --define=DEPRECATED -g --printf_support=minimal --diag_warning=225 --diag_wrap=off --display_error_number --silicon_errata=CPU21 --silicon_errata=CPU22 --silicon_errata=CPU40 --preproc_with_compile --preproc_dependency="main.d_raw"  "../main.c"
 
>> Compilation failure
subdir_rules.mk:9: recipe for target 'main.obj' failed
"../main.c", line 9: error #20: identifier "BCSCTL1" is undefined
"../main.c", line 9: error #20: identifier "CALBC1_1MHZ" is undefined
"../main.c", line 10: error #20: identifier "DCOCTL" is undefined
"../main.c", line 10: error #20: identifier "CALDCO_1MHZ" is undefined
"../main.c", line 16: error #20: identifier "P1SEL" is undefined
"../main.c", line 19: error #20: identifier "TACTL" is undefined
"../main.c", line 20: error #20: identifier "TACCR0" is undefined
"../main.c", line 21: error #20: identifier "TACCTL1" is undefined
"../main.c", line 22: error #20: identifier "TACCR1" is undefined
"../main.c", line 30: error #20: identifier "TACCR1" is undefined
"../main.c", line 30: error #20: identifier "TACCR0" is undefined
"../main.c", line 40: error #29: expected an expression
"../main.c", line 40: error #20: identifier "speed" is undefined
13 errors detected in the compilation of "../main.c".
gmake: *** [main.obj] Error 1
gmake: Target 'all' not remade because of errors.

**** Build Finished ****

**** Build of configuration Debug for project Wind Speed ****

"C:\\ti\\ccs1210\\ccs\\utils\\bin\\gmake" -k -j 12 all -O 
 
Building file: "../main.c"
Invoking: MSP430 Compiler
"C:/ti/ccs1210/ccs/tools/compiler/ti-cgt-msp430_21.6.0.LTS/bin/cl430" -vmspx --use_hw_mpy=none --include_path="C:/ti/ccs1210/ccs/ccs_base/msp430/include" --include_path="C:/Users/Temp/workspace_v12/Wind Speed" --include_path="C:/ti/ccs1210/ccs/tools/compiler/ti-cgt-msp430_21.6.0.LTS/include" --advice:power=all --advice:hw_config=all --define=__MSP430FR4133__ -g --printf_support=minimal --diag_warning=225 --diag_wrap=off --display_error_number --silicon_errata=CPU21 --silicon_errata=CPU22 --silicon_errata=CPU40 --preproc_with_compile --preproc_dependency="main.d_raw"  "../main.c"
 
>> Compilation failure
subdir_rules.mk:9: recipe for target 'main.obj' failed
"../main.c", line 16: error #20: identifier "TB0CTL" is undefined
"../main.c", line 16: error #20: identifier "TBSSEL__SMCLK" is undefined
"../main.c", line 17: error #20: identifier "TB0CCR0" is undefined
"../main.c", line 18: error #20: identifier "TB0CCR1" is undefined
"../main.c", line 19: error #20: identifier "TB0CCTL1" is undefined
"../main.c", line 27: error #20: identifier "TB0CCR1" is undefined
"../main.c", line 37: remark #1527-D: (ULP 2.1) Detected SW delay loop using __delay_cycles. Recommend using a timer module instead
"../main.c", line 39: remark #1527-D: (ULP 2.1) Detected SW delay loop using __delay_cycles. Recommend using a timer module instead
6 errors detected in the compilation of "../main.c".
gmake: *** [main.obj] Error 1
gmake: Target 'all' not remade because of errors.

**** Build Finished ****

**** Build of configuration Debug for project framctl_ex1_write ****

"C:\\ti\\ccs1210\\ccs\\utils\\bin\\gmake" -k -j 12 all -O 
 
Building file: "../main.c"
Invoking: MSP430 Compiler
"C:/ti/ccs1210/ccs/tools/compiler/ti-cgt-msp430_21.6.0.LTS/bin/cl430" -vmspx --use_hw_mpy=none --include_path="C:/ti/ccs1210/ccs/ccs_base/msp430/include" --include_path="C:/Users/Temp/workspace_v12/framctl_ex1_write" --include_path="C:/Users/Temp/workspace_v12/framctl_ex1_write/driverlib/MSP430FR2xx_4xx" --include_path="C:/ti/ccs1210/ccs/tools/compiler/ti-cgt-msp430_21.6.0.LTS/include" --advice:power="none" --advice:hw_config=all --define=__MSP430FR4133__ --define=DEPRECATED -g --printf_support=minimal --diag_warning=225 --diag_wrap=off --display_error_number --silicon_errata=CPU21 --silicon_errata=CPU22 --silicon_errata=CPU40 --preproc_with_compile --preproc_dependency="main.d_raw"  "../main.c"
 
>> Compilation failure
subdir_rules.mk:9: recipe for target 'main.obj' failed
"../main.c", line 13: error #20: identifier "P1SEL" is undefined
"../main.c", line 34: error #29: expected an expression
"../main.c", line 34: error #20: identifier "speed" is undefined
3 errors detected in the compilation of "../main.c".
gmake: *** [main.obj] Error 1
gmake: Target 'all' not remade because of errors.

**** Build Finished ****

**** Build of configuration Debug for project Wind Speed ****

"C:\\ti\\ccs1210\\ccs\\utils\\bin\\gmake" -k -j 12 all -O 
 
Building file: "../main.c"
Invoking: MSP430 Compiler
"C:/ti/ccs1210/ccs/tools/compiler/ti-cgt-msp430_21.6.0.LTS/bin/cl430" -vmspx --use_hw_mpy=none --include_path="C:/ti/ccs1210/ccs/ccs_base/msp430/include" --include_path="C:/Users/Temp/workspace_v12/Wind Speed" --include_path="C:/ti/ccs1210/ccs/tools/compiler/ti-cgt-msp430_21.6.0.LTS/include" --advice:power=all --advice:hw_config=all --define=__MSP430FR4133__ -g --printf_support=minimal --diag_warning=225 --diag_wrap=off --display_error_number --silicon_errata=CPU21 --silicon_errata=CPU22 --silicon_errata=CPU40 --preproc_with_compile --preproc_dependency="main.d_raw"  "../main.c"
 
>> Compilation failure
subdir_rules.mk:9: recipe for target 'main.obj' failed
"../main.c", line 16: error #20: identifier "TB0CTL" is undefined
"../main.c", line 16: error #20: identifier "TBSSEL__SMCLK" is undefined
"../main.c", line 17: error #20: identifier "TB0CCR0" is undefined
"../main.c", line 18: error #20: identifier "TB0CCR1" is undefined
"../main.c", line 19: error #20: identifier "TB0CCTL1" is undefined
"../main.c", line 27: error #20: identifier "TB0CCR1" is undefined
"../main.c", line 37: remark #1527-D: (ULP 2.1) Detected SW delay loop using __delay_cycles. Recommend using a timer module instead
"../main.c", line 39: remark #1527-D: (ULP 2.1) Detected SW delay loop using __delay_cycles. Recommend using a timer module instead
6 errors detected in the compilation of "../main.c".
gmake: *** [main.obj] Error 1
gmake: Target 'all' not remade because of errors.

**** Build Finished ****

**** Build of configuration Debug for project framctl_ex1_write ****

"C:\\ti\\ccs1210\\ccs\\utils\\bin\\gmake" -k -j 12 all -O 
 
Building file: "../main.c"
Invoking: MSP430 Compiler
"C:/ti/ccs1210/ccs/tools/compiler/ti-cgt-msp430_21.6.0.LTS/bin/cl430" -vmspx --use_hw_mpy=none --include_path="C:/ti/ccs1210/ccs/ccs_base/msp430/include" --include_path="C:/Users/Temp/workspace_v12/framctl_ex1_write" --include_path="C:/Users/Temp/workspace_v12/framctl_ex1_write/driverlib/MSP430FR2xx_4xx" --include_path="C:/ti/ccs1210/ccs/tools/compiler/ti-cgt-msp430_21.6.0.LTS/include" --advice:power="none" --advice:hw_config=all --define=__MSP430FR4133__ --define=DEPRECATED -g --printf_support=minimal --diag_warning=225 --diag_wrap=off --display_error_number --silicon_errata=CPU21 --silicon_errata=CPU22 --silicon_errata=CPU40 --preproc_with_compile --preproc_dependency="main.d_raw"  "../main.c"
 
>> Compilation failure
subdir_rules.mk:9: recipe for target 'main.obj' failed
"../main.c", line 17: error #20: identifier "PASEL1_L" is undefined
"../main.c", line 46: error #171: expected a declaration
At end of source: warning #12-D: parsing restarts here after previous syntax error
2 errors detected in the compilation of "../main.c".
gmake: *** [main.obj] Error 1
gmake: Target 'all' not remade because of errors.

**** Build Finished ****

**** Build of configuration Debug for project Wind Speed ****

"C:\\ti\\ccs1210\\ccs\\utils\\bin\\gmake" -k -j 12 all -O 
 
Building file: "../main.c"
Invoking: MSP430 Compiler
"C:/ti/ccs1210/ccs/tools/compiler/ti-cgt-msp430_21.6.0.LTS/bin/cl430" -vmspx --use_hw_mpy=none --include_path="C:/ti/ccs1210/ccs/ccs_base/msp430/include" --include_path="C:/Users/Temp/workspace_v12/Wind Speed" --include_path="C:/ti/ccs1210/ccs/tools/compiler/ti-cgt-msp430_21.6.0.LTS/include" --advice:power=all --advice:hw_config=all --define=__MSP430FR4133__ -g --printf_support=minimal --diag_warning=225 --diag_wrap=off --display_error_number --silicon_errata=CPU21 --silicon_errata=CPU22 --silicon_errata=CPU40 --preproc_with_compile --preproc_dependency="main.d_raw"  "../main.c"
 
>> Compilation failure
subdir_rules.mk:9: recipe for target 'main.obj' failed
"../main.c", line 16: error #20: identifier "TB0CTL" is undefined
"../main.c", line 16: error #20: identifier "TBSSEL__SMCLK" is undefined
"../main.c", line 17: error #20: identifier "TB0CCR0" is undefined
"../main.c", line 18: error #20: identifier "TB0CCR1" is undefined
"../main.c", line 19: error #20: identifier "TB0CCTL1" is undefined
"../main.c", line 27: error #20: identifier "TB0CCR1" is undefined
"../main.c", line 37: remark #1527-D: (ULP 2.1) Detected SW delay loop using __delay_cycles. Recommend using a timer module instead
"../main.c", line 39: remark #1527-D: (ULP 2.1) Detected SW delay loop using __delay_cycles. Recommend using a timer module instead
6 errors detected in the compilation of "../main.c".
gmake: *** [main.obj] Error 1
gmake: Target 'all' not remade because of errors.

**** Build Finished ****

**** Build of configuration Debug for project framctl_ex1_write ****

"C:\\ti\\ccs1210\\ccs\\utils\\bin\\gmake" -k -j 12 all -O 
 
Building file: "../main.c"
Invoking: MSP430 Compiler
"C:/ti/ccs1210/ccs/tools/compiler/ti-cgt-msp430_21.6.0.LTS/bin/cl430" -vmspx --use_hw_mpy=none --include_path="C:/ti/ccs1210/ccs/ccs_base/msp430/include" --include_path="C:/Users/Temp/workspace_v12/framctl_ex1_write" --include_path="C:/Users/Temp/workspace_v12/framctl_ex1_write/driverlib/MSP430FR2xx_4xx" --include_path="C:/ti/ccs1210/ccs/tools/compiler/ti-cgt-msp430_21.6.0.LTS/include" --advice:power="none" --advice:hw_config=all --define=__MSP430FR4133__ --define=DEPRECATED -g --printf_support=minimal --diag_warning=225 --diag_wrap=off --display_error_number --silicon_errata=CPU21 --silicon_errata=CPU22 --silicon_errata=CPU40 --preproc_with_compile --preproc_dependency="main.d_raw"  "../main.c"
Finished building: "../main.c"
 
Building target: "framctl_ex1_write.out"
Invoking: MSP430 Linker
"C:/ti/ccs1210/ccs/tools/compiler/ti-cgt-msp430_21.6.0.LTS/bin/cl430" -vmspx --use_hw_mpy=none --advice:power="none" --advice:hw_config=all --define=__MSP430FR4133__ --define=DEPRECATED -g --printf_support=minimal --diag_warning=225 --diag_wrap=off --display_error_number --silicon_errata=CPU21 --silicon_errata=CPU22 --silicon_errata=CPU40 -z -m"framctl_ex1_write.map" --heap_size=160 --stack_size=160 --cinit_hold_wdt=on -i"C:/ti/ccs1210/ccs/ccs_base/msp430/include" -i"C:/ti/ccs1210/ccs/tools/compiler/ti-cgt-msp430_21.6.0.LTS/lib" -i"C:/ti/ccs1210/ccs/tools/compiler/ti-cgt-msp430_21.6.0.LTS/include" --reread_libs --diag_wrap=off --display_error_number --warn_sections --xml_link_info="framctl_ex1_write_linkInfo.xml" --use_hw_mpy=none --rom_model -o "framctl_ex1_write.out" "./framctl_ex1_write.obj" "./main.obj" "./driverlib/MSP430FR2xx_4xx/adc.obj" "./driverlib/MSP430FR2xx_4xx/crc.obj" "./driverlib/MSP430FR2xx_4xx/cs.obj" "./driverlib/MSP430FR2xx_4xx/ecomp.obj" "./driverlib/MSP430FR2xx_4xx/eusci_a_spi.obj" "./driverlib/MSP430FR2xx_4xx/eusci_a_uart.obj" "./driverlib/MSP430FR2xx_4xx/eusci_b_i2c.obj" "./driverlib/MSP430FR2xx_4xx/eusci_b_spi.obj" "./driverlib/MSP430FR2xx_4xx/framctl.obj" "./driverlib/MSP430FR2xx_4xx/gpio.obj" "./driverlib/MSP430FR2xx_4xx/icc.obj" "./driverlib/MSP430FR2xx_4xx/lcd_e.obj" "./driverlib/MSP430FR2xx_4xx/mpy32.obj" "./driverlib/MSP430FR2xx_4xx/pmm.obj" "./driverlib/MSP430FR2xx_4xx/rtc.obj" "./driverlib/MSP430FR2xx_4xx/sac.obj" "./driverlib/MSP430FR2xx_4xx/sfr.obj" "./driverlib/MSP430FR2xx_4xx/sysctl.obj" "./driverlib/MSP430FR2xx_4xx/tia.obj" "./driverlib/MSP430FR2xx_4xx/timer_a.obj" "./driverlib/MSP430FR2xx_4xx/timer_b.obj" "./driverlib/MSP430FR2xx_4xx/tlv.obj" "./driverlib/MSP430FR2xx_4xx/wdt_a.obj" "../lnk_msp430fr4133.cmd"  -llibc.a 
<Linking>
error #10056: symbol "main" redefined: first defined in "./framctl_ex1_write.obj"; redefined in "./main.obj"
error #10010: errors encountered during linking; "framctl_ex1_write.out" not built
 
>> Compilation failure
makefile:167: recipe for target 'framctl_ex1_write.out' failed
gmake[1]: *** [framctl_ex1_write.out] Error 1
makefile:163: recipe for target 'all' failed
gmake: *** [all] Error 2

**** Build Finished ****

**** Build of configuration Debug for project Wind Speed ****

"C:\\ti\\ccs1210\\ccs\\utils\\bin\\gmake" -k -j 12 all -O 
 
Building file: "../main.c"
Invoking: MSP430 Compiler
"C:/ti/ccs1210/ccs/tools/compiler/ti-cgt-msp430_21.6.0.LTS/bin/cl430" -vmspx --use_hw_mpy=none --include_path="C:/ti/ccs1210/ccs/ccs_base/msp430/include" --include_path="C:/Users/Temp/workspace_v12/Wind Speed" --include_path="C:/ti/ccs1210/ccs/tools/compiler/ti-cgt-msp430_21.6.0.LTS/include" --advice:power=all --advice:hw_config=all --define=__MSP430FR4133__ -g --printf_support=minimal --diag_warning=225 --diag_wrap=off --display_error_number --silicon_errata=CPU21 --silicon_errata=CPU22 --silicon_errata=CPU40 --preproc_with_compile --preproc_dependency="main.d_raw"  "../main.c"
 
>> Compilation failure
subdir_rules.mk:9: recipe for target 'main.obj' failed
"../main.c", line 16: error #20: identifier "TB0CTL" is undefined
"../main.c", line 16: error #20: identifier "TBSSEL__SMCLK" is undefined
"../main.c", line 17: error #20: identifier "TB0CCR0" is undefined
"../main.c", line 18: error #20: identifier "TB0CCR1" is undefined
"../main.c", line 19: error #20: identifier "TB0CCTL1" is undefined
"../main.c", line 27: error #20: identifier "TB0CCR1" is undefined
"../main.c", line 37: remark #1527-D: (ULP 2.1) Detected SW delay loop using __delay_cycles. Recommend using a timer module instead
"../main.c", line 39: remark #1527-D: (ULP 2.1) Detected SW delay loop using __delay_cycles. Recommend using a timer module instead
6 errors detected in the compilation of "../main.c".
gmake: *** [main.obj] Error 1
gmake: Target 'all' not remade because of errors.

**** Build Finished ****

**** Build of configuration Debug for project framctl_ex1_write ****

"C:\\ti\\ccs1210\\ccs\\utils\\bin\\gmake" -k -j 12 all -O 
 
Building file: "../framctl_ex1_write.c"
Invoking: MSP430 Compiler
"C:/ti/ccs1210/ccs/tools/compiler/ti-cgt-msp430_21.6.0.LTS/bin/cl430" -vmspx --use_hw_mpy=none --include_path="C:/ti/ccs1210/ccs/ccs_base/msp430/include" --include_path="C:/Users/Temp/workspace_v12/framctl_ex1_write" --include_path="C:/Users/Temp/workspace_v12/framctl_ex1_write/driverlib/MSP430FR2xx_4xx" --include_path="C:/ti/ccs1210/ccs/tools/compiler/ti-cgt-msp430_21.6.0.LTS/include" --advice:power="none" --advice:hw_config=all --define=__MSP430FR4133__ --define=DEPRECATED -g --printf_support=minimal --diag_warning=225 --diag_wrap=off --display_error_number --silicon_errata=CPU21 --silicon_errata=CPU22 --silicon_errata=CPU40 --preproc_with_compile --preproc_dependency="framctl_ex1_write.d_raw"  "../framctl_ex1_write.c"
Finished building: "../framctl_ex1_write.c"
 
Building target: "framctl_ex1_write.out"
Invoking: MSP430 Linker
"C:/ti/ccs1210/ccs/tools/compiler/ti-cgt-msp430_21.6.0.LTS/bin/cl430" -vmspx --use_hw_mpy=none --advice:power="none" --advice:hw_config=all --define=__MSP430FR4133__ --define=DEPRECATED -g --printf_support=minimal --diag_warning=225 --diag_wrap=off --display_error_number --silicon_errata=CPU21 --silicon_errata=CPU22 --silicon_errata=CPU40 -z -m"framctl_ex1_write.map" --heap_size=160 --stack_size=160 --cinit_hold_wdt=on -i"C:/ti/ccs1210/ccs/ccs_base/msp430/include" -i"C:/ti/ccs1210/ccs/tools/compiler/ti-cgt-msp430_21.6.0.LTS/lib" -i"C:/ti/ccs1210/ccs/tools/compiler/ti-cgt-msp430_21.6.0.LTS/include" --reread_libs --diag_wrap=off --display_error_number --warn_sections --xml_link_info="framctl_ex1_write_linkInfo.xml" --use_hw_mpy=none --rom_model -o "framctl_ex1_write.out" "./framctl_ex1_write.obj" "./main.obj" "./driverlib/MSP430FR2xx_4xx/adc.obj" "./driverlib/MSP430FR2xx_4xx/crc.obj" "./driverlib/MSP430FR2xx_4xx/cs.obj" "./driverlib/MSP430FR2xx_4xx/ecomp.obj" "./driverlib/MSP430FR2xx_4xx/eusci_a_spi.obj" "./driverlib/MSP430FR2xx_4xx/eusci_a_uart.obj" "./driverlib/MSP430FR2xx_4xx/eusci_b_i2c.obj" "./driverlib/MSP430FR2xx_4xx/eusci_b_spi.obj" "./driverlib/MSP430FR2xx_4xx/framctl.obj" "./driverlib/MSP430FR2xx_4xx/gpio.obj" "./driverlib/MSP430FR2xx_4xx/icc.obj" "./driverlib/MSP430FR2xx_4xx/lcd_e.obj" "./driverlib/MSP430FR2xx_4xx/mpy32.obj" "./driverlib/MSP430FR2xx_4xx/pmm.obj" "./driverlib/MSP430FR2xx_4xx/rtc.obj" "./driverlib/MSP430FR2xx_4xx/sac.obj" "./driverlib/MSP430FR2xx_4xx/sfr.obj" "./driverlib/MSP430FR2xx_4xx/sysctl.obj" "./driverlib/MSP430FR2xx_4xx/tia.obj" "./driverlib/MSP430FR2xx_4xx/timer_a.obj" "./driverlib/MSP430FR2xx_4xx/timer_b.obj" "./driverlib/MSP430FR2xx_4xx/tlv.obj" "./driverlib/MSP430FR2xx_4xx/wdt_a.obj" "../lnk_msp430fr4133.cmd"  -llibc.a 
<Linking>
Finished building target: "framctl_ex1_write.out"
 

**** Build Finished ****

**** Build of configuration Debug for project Wind Speed ****

"C:\\ti\\ccs1210\\ccs\\utils\\bin\\gmake" -k -j 12 all -O 
 
Building file: "../main.c"
Invoking: MSP430 Compiler
"C:/ti/ccs1210/ccs/tools/compiler/ti-cgt-msp430_21.6.0.LTS/bin/cl430" -vmspx --use_hw_mpy=none --include_path="C:/ti/ccs1210/ccs/ccs_base/msp430/include" --include_path="C:/Users/Temp/workspace_v12/Wind Speed" --include_path="C:/ti/ccs1210/ccs/tools/compiler/ti-cgt-msp430_21.6.0.LTS/include" --advice:power=all --advice:hw_config=all --define=__MSP430FR4133__ -g --printf_support=minimal --diag_warning=225 --diag_wrap=off --display_error_number --silicon_errata=CPU21 --silicon_errata=CPU22 --silicon_errata=CPU40 --preproc_with_compile --preproc_dependency="main.d_raw"  "../main.c"
 
>> Compilation failure
subdir_rules.mk:9: recipe for target 'main.obj' failed
"../main.c", line 16: error #20: identifier "TB0CTL" is undefined
"../main.c", line 16: error #20: identifier "TBSSEL__SMCLK" is undefined
"../main.c", line 17: error #20: identifier "TB0CCR0" is undefined
"../main.c", line 18: error #20: identifier "TB0CCR1" is undefined
"../main.c", line 19: error #20: identifier "TB0CCTL1" is undefined
"../main.c", line 27: error #20: identifier "TB0CCR1" is undefined
"../main.c", line 37: remark #1527-D: (ULP 2.1) Detected SW delay loop using __delay_cycles. Recommend using a timer module instead
"../main.c", line 39: remark #1527-D: (ULP 2.1) Detected SW delay loop using __delay_cycles. Recommend using a timer module instead
6 errors detected in the compilation of "../main.c".
gmake: *** [main.obj] Error 1
gmake: Target 'all' not remade because of errors.

**** Build Finished ****

**** Build of configuration Debug for project framctl_ex1_write ****

"C:\\ti\\ccs1210\\ccs\\utils\\bin\\gmake" -k -j 12 all -O 
 
gmake[1]: 'framctl_ex1_write.out' is up to date.

**** Build Finished ****

**** Build of configuration Debug for project framctl_ex1_write ****

"C:\\ti\\ccs1210\\ccs\\utils\\bin\\gmake" -k -j 12 all -O 
 
gmake[1]: 'framctl_ex1_write.out' is up to date.

**** Build Finished ****

**** Build of configuration Debug for project Wind Speed ****

"C:\\ti\\ccs1210\\ccs\\utils\\bin\\gmake" -k -j 12 all -O 
 
Building file: "../main.c"
Invoking: MSP430 Compiler
"C:/ti/ccs1210/ccs/tools/compiler/ti-cgt-msp430_21.6.0.LTS/bin/cl430" -vmspx --use_hw_mpy=none --include_path="C:/ti/ccs1210/ccs/ccs_base/msp430/include" --include_path="C:/Users/Temp/Documents/GitHub/EE318/workspace_v12/Wind Speed" --include_path="C:/ti/ccs1210/ccs/tools/compiler/ti-cgt-msp430_21.6.0.LTS/include" --advice:power=all --advice:hw_config=all --define=__MSP430FR4133__ -g --printf_support=minimal --diag_warning=225 --diag_wrap=off --display_error_number --silicon_errata=CPU21 --silicon_errata=CPU22 --silicon_errata=CPU40 --preproc_with_compile --preproc_dependency="main.d_raw"  "../main.c"
 
>> Compilation failure
subdir_rules.mk:9: recipe for target 'main.obj' failed
"../main.c", line 16: error #20: identifier "TB0CTL" is undefined
"../main.c", line 16: error #20: identifier "TBSSEL__SMCLK" is undefined
"../main.c", line 17: error #20: identifier "TB0CCR0" is undefined
"../main.c", line 18: error #20: identifier "TB0CCR1" is undefined
"../main.c", line 19: error #20: identifier "TB0CCTL1" is undefined
"../main.c", line 27: error #20: identifier "TB0CCR1" is undefined
"../main.c", line 37: remark #1527-D: (ULP 2.1) Detected SW delay loop using __delay_cycles. Recommend using a timer module instead
"../main.c", line 39: remark #1527-D: (ULP 2.1) Detected SW delay loop using __delay_cycles. Recommend using a timer module instead
6 errors detected in the compilation of "../main.c".
gmake: *** [main.obj] Error 1
gmake: Target 'all' not remade because of errors.

**** Build Finished ****

**** Build of configuration Debug for project framctl_ex1_write ****

"C:\\ti\\ccs1210\\ccs\\utils\\bin\\gmake" -k -j 12 all -O 
 
Building file: "../main.c"
Invoking: MSP430 Compiler
"C:/ti/ccs1210/ccs/tools/compiler/ti-cgt-msp430_21.6.0.LTS/bin/cl430" -vmspx --use_hw_mpy=none --include_path="C:/ti/ccs1210/ccs/ccs_base/msp430/include" --include_path="C:/Users/Temp/Documents/GitHub/EE318/workspace_v12/framctl_ex1_write" --include_path="C:/Users/Temp/Documents/GitHub/EE318/workspace_v12/framctl_ex1_write/driverlib/MSP430FR2xx_4xx" --include_path="C:/ti/ccs1210/ccs/tools/compiler/ti-cgt-msp430_21.6.0.LTS/include" --advice:power="none" --advice:hw_config=all --define=__MSP430FR4133__ --define=DEPRECATED -g --printf_support=minimal --diag_warning=225 --diag_wrap=off --display_error_number --silicon_errata=CPU21 --silicon_errata=CPU22 --silicon_errata=CPU40 --preproc_with_compile --preproc_dependency="main.d_raw"  "../main.c"
 
>> Compilation failure
subdir_rules.mk:9: recipe for target 'main.obj' failed
"../main.c", line 5: fatal error #1965: cannot open source file "lcd.h"
1 catastrophic error detected in the compilation of "../main.c".
Compilation terminated.
gmake: *** [main.obj] Error 1
gmake: Target 'all' not remade because of errors.

**** Build Finished ****

**** Build of configuration Debug for project Wind Speed ****

"C:\\ti\\ccs1210\\ccs\\utils\\bin\\gmake" -k -j 12 all -O 
 
Building file: "../main.c"
Invoking: MSP430 Compiler
"C:/ti/ccs1210/ccs/tools/compiler/ti-cgt-msp430_21.6.0.LTS/bin/cl430" -vmspx --use_hw_mpy=none --include_path="C:/ti/ccs1210/ccs/ccs_base/msp430/include" --include_path="C:/Users/Temp/Documents/GitHub/EE318/workspace_v12/Wind Speed" --include_path="C:/ti/ccs1210/ccs/tools/compiler/ti-cgt-msp430_21.6.0.LTS/include" --advice:power=all --advice:hw_config=all --define=__MSP430FR4133__ -g --printf_support=minimal --diag_warning=225 --diag_wrap=off --display_error_number --silicon_errata=CPU21 --silicon_errata=CPU22 --silicon_errata=CPU40 --preproc_with_compile --preproc_dependency="main.d_raw"  "../main.c"
 
>> Compilation failure
subdir_rules.mk:9: recipe for target 'main.obj' failed
"../main.c", line 16: error #20: identifier "TB0CTL" is undefined
"../main.c", line 16: error #20: identifier "TBSSEL__SMCLK" is undefined
"../main.c", line 17: error #20: identifier "TB0CCR0" is undefined
"../main.c", line 18: error #20: identifier "TB0CCR1" is undefined
"../main.c", line 19: error #20: identifier "TB0CCTL1" is undefined
"../main.c", line 27: error #20: identifier "TB0CCR1" is undefined
"../main.c", line 37: remark #1527-D: (ULP 2.1) Detected SW delay loop using __delay_cycles. Recommend using a timer module instead
"../main.c", line 39: remark #1527-D: (ULP 2.1) Detected SW delay loop using __delay_cycles. Recommend using a timer module instead
6 errors detected in the compilation of "../main.c".
gmake: *** [main.obj] Error 1
gmake: Target 'all' not remade because of errors.

**** Build Finished ****

**** Build of configuration Debug for project framctl_ex1_write ****

"C:\\ti\\ccs1210\\ccs\\utils\\bin\\gmake" -k -j 12 all -O 
 
Building file: "../main.c"
Invoking: MSP430 Compiler
"C:/ti/ccs1210/ccs/tools/compiler/ti-cgt-msp430_21.6.0.LTS/bin/cl430" -vmspx --use_hw_mpy=none --include_path="C:/ti/ccs1210/ccs/ccs_base/msp430/include" --include_path="C:/Users/Temp/Documents/GitHub/EE318/workspace_v12/framctl_ex1_write" --include_path="C:/Users/Temp/Documents/GitHub/EE318/workspace_v12/framctl_ex1_write/driverlib/MSP430FR2xx_4xx" --include_path="C:/ti/ccs1210/ccs/tools/compiler/ti-cgt-msp430_21.6.0.LTS/include" --advice:power="none" --advice:hw_config=all --define=__MSP430FR4133__ --define=DEPRECATED -g --printf_support=minimal --diag_warning=225 --diag_wrap=off --display_error_number --silicon_errata=CPU21 --silicon_errata=CPU22 --silicon_errata=CPU40 --preproc_with_compile --preproc_dependency="main.d_raw"  "../main.c"
 
>> Compilation failure
subdir_rules.mk:9: recipe for target 'main.obj' failed
"../main.c", line 11: error #20: identifier "PASEL1_L" is undefined
"../main.c", line 15: error #20: identifier "ADCSHT" is undefined
"../main.c", line 29: warning #225-D: function "lcd_init" declared implicitly
"../main.c", line 38: error #20: identifier "LOAD_RESISTANCE" is undefined
"../main.c", line 40: warning #225-D: function "lcd_clear" declared implicitly
"../main.c", line 41: warning #225-D: function "lcd_print_power" declared implicitly
3 errors detected in the compilation of "../main.c".
gmake: *** [main.obj] Error 1
gmake: Target 'all' not remade because of errors.

**** Build Finished ****

**** Build of configuration Debug for project Wind Speed ****

"C:\\ti\\ccs1210\\ccs\\utils\\bin\\gmake" -k -j 12 all -O 
 
Building file: "../main.c"
Invoking: MSP430 Compiler
"C:/ti/ccs1210/ccs/tools/compiler/ti-cgt-msp430_21.6.0.LTS/bin/cl430" -vmspx --use_hw_mpy=none --include_path="C:/ti/ccs1210/ccs/ccs_base/msp430/include" --include_path="C:/Users/Temp/Documents/GitHub/EE318/workspace_v12/Wind Speed" --include_path="C:/ti/ccs1210/ccs/tools/compiler/ti-cgt-msp430_21.6.0.LTS/include" --advice:power=all --advice:hw_config=all --define=__MSP430FR4133__ -g --printf_support=minimal --diag_warning=225 --diag_wrap=off --display_error_number --silicon_errata=CPU21 --silicon_errata=CPU22 --silicon_errata=CPU40 --preproc_with_compile --preproc_dependency="main.d_raw"  "../main.c"
 
>> Compilation failure
subdir_rules.mk:9: recipe for target 'main.obj' failed
"../main.c", line 16: error #20: identifier "TB0CTL" is undefined
"../main.c", line 16: error #20: identifier "TBSSEL__SMCLK" is undefined
"../main.c", line 17: error #20: identifier "TB0CCR0" is undefined
"../main.c", line 18: error #20: identifier "TB0CCR1" is undefined
"../main.c", line 19: error #20: identifier "TB0CCTL1" is undefined
"../main.c", line 27: error #20: identifier "TB0CCR1" is undefined
"../main.c", line 37: remark #1527-D: (ULP 2.1) Detected SW delay loop using __delay_cycles. Recommend using a timer module instead
"../main.c", line 39: remark #1527-D: (ULP 2.1) Detected SW delay loop using __delay_cycles. Recommend using a timer module instead
6 errors detected in the compilation of "../main.c".
gmake: *** [main.obj] Error 1
gmake: Target 'all' not remade because of errors.

**** Build Finished ****

**** Build of configuration Debug for project framctl_ex1_write ****

"C:\\ti\\ccs1210\\ccs\\utils\\bin\\gmake" -k -j 12 all -O 
 
Building file: "../main.c"
Invoking: MSP430 Compiler
"C:/ti/ccs1210/ccs/tools/compiler/ti-cgt-msp430_21.6.0.LTS/bin/cl430" -vmspx --use_hw_mpy=none --include_path="C:/ti/ccs1210/ccs/ccs_base/msp430/include" --include_path="C:/Users/Temp/Documents/GitHub/EE318/workspace_v12/framctl_ex1_write" --include_path="C:/Users/Temp/Documents/GitHub/EE318/workspace_v12/framctl_ex1_write/driverlib/MSP430FR2xx_4xx" --include_path="C:/ti/ccs1210/ccs/tools/compiler/ti-cgt-msp430_21.6.0.LTS/include" --advice:power="none" --advice:hw_config=all --define=__MSP430FR4133__ --define=DEPRECATED -g --printf_support=minimal --diag_warning=225 --diag_wrap=off --display_error_number --silicon_errata=CPU21 --silicon_errata=CPU22 --silicon_errata=CPU40 --preproc_with_compile --preproc_dependency="main.d_raw"  "../main.c"
 
>> Compilation failure
subdir_rules.mk:9: recipe for target 'main.obj' failed
"../main.c", line 14: error #20: identifier "PASEL1_L" is undefined
"../main.c", line 29: warning #225-D: function "lcd_init" declared implicitly
"../main.c", line 40: warning #225-D: function "lcd_clear" declared implicitly
"../main.c", line 41: warning #225-D: function "lcd_print_power" declared implicitly
"../main.c", line 62: error #171: expected a declaration
At end of source: warning #12-D: parsing restarts here after previous syntax error
2 errors detected in the compilation of "../main.c".
gmake: *** [main.obj] Error 1
gmake: Target 'all' not remade because of errors.

**** Build Finished ****

**** Build of configuration Debug for project Wind Speed ****

"C:\\ti\\ccs1210\\ccs\\utils\\bin\\gmake" -k -j 12 all -O 
 
Building file: "../main.c"
Invoking: MSP430 Compiler
"C:/ti/ccs1210/ccs/tools/compiler/ti-cgt-msp430_21.6.0.LTS/bin/cl430" -vmspx --use_hw_mpy=none --include_path="C:/ti/ccs1210/ccs/ccs_base/msp430/include" --include_path="C:/Users/Temp/Documents/GitHub/EE318/workspace_v12/Wind Speed" --include_path="C:/ti/ccs1210/ccs/tools/compiler/ti-cgt-msp430_21.6.0.LTS/include" --advice:power=all --advice:hw_config=all --define=__MSP430FR4133__ -g --printf_support=minimal --diag_warning=225 --diag_wrap=off --display_error_number --silicon_errata=CPU21 --silicon_errata=CPU22 --silicon_errata=CPU40 --preproc_with_compile --preproc_dependency="main.d_raw"  "../main.c"
 
>> Compilation failure
subdir_rules.mk:9: recipe for target 'main.obj' failed
"../main.c", line 16: error #20: identifier "TB0CTL" is undefined
"../main.c", line 16: error #20: identifier "TBSSEL__SMCLK" is undefined
"../main.c", line 17: error #20: identifier "TB0CCR0" is undefined
"../main.c", line 18: error #20: identifier "TB0CCR1" is undefined
"../main.c", line 19: error #20: identifier "TB0CCTL1" is undefined
"../main.c", line 27: error #20: identifier "TB0CCR1" is undefined
"../main.c", line 37: remark #1527-D: (ULP 2.1) Detected SW delay loop using __delay_cycles. Recommend using a timer module instead
"../main.c", line 39: remark #1527-D: (ULP 2.1) Detected SW delay loop using __delay_cycles. Recommend using a timer module instead
6 errors detected in the compilation of "../main.c".
gmake: *** [main.obj] Error 1
gmake: Target 'all' not remade because of errors.

**** Build Finished ****

**** Build of configuration Debug for project framctl_ex1_write ****

"C:\\ti\\ccs1210\\ccs\\utils\\bin\\gmake" -k -j 12 all -O 
 
Building file: "../main.c"
Invoking: MSP430 Compiler
"C:/ti/ccs1210/ccs/tools/compiler/ti-cgt-msp430_21.6.0.LTS/bin/cl430" -vmspx --use_hw_mpy=none --include_path="C:/ti/ccs1210/ccs/ccs_base/msp430/include" --include_path="C:/Users/Temp/Documents/GitHub/EE318/workspace_v12/framctl_ex1_write" --include_path="C:/Users/Temp/Documents/GitHub/EE318/workspace_v12/framctl_ex1_write/driverlib/MSP430FR2xx_4xx" --include_path="C:/ti/ccs1210/ccs/tools/compiler/ti-cgt-msp430_21.6.0.LTS/include" --advice:power="none" --advice:hw_config=all --define=__MSP430FR4133__ --define=DEPRECATED -g --printf_support=minimal --diag_warning=225 --diag_wrap=off --display_error_number --silicon_errata=CPU21 --silicon_errata=CPU22 --silicon_errata=CPU40 --preproc_with_compile --preproc_dependency="main.d_raw"  "../main.c"
 
>> Compilation failure
subdir_rules.mk:9: recipe for target 'main.obj' failed
"../main.c", line 15: error #20: identifier "PASEL1_L" is undefined
"../main.c", line 31: warning #225-D: function "lcd_init" declared implicitly
"../main.c", line 42: warning #225-D: function "lcd_clear" declared implicitly
"../main.c", line 43: warning #225-D: function "lcd_print_power" declared implicitly
1 error detected in the compilation of "../main.c".
gmake: *** [main.obj] Error 1
gmake: Target 'all' not remade because of errors.

**** Build Finished ****
